<?xml version="1.0" encoding="UTF-8"?>
<!-- Generated by org.testng.reporters.JUnitReportReporter -->
<testsuite skipped="0" hostname="MAVBCP139" name="com.multibrowser.parabankbrowser2" tests="1" failures="0" timestamp="2020-07-25T20:24:08 IST" time="21.760" errors="0">
  <testcase name="registration" time="21.760" classname="com.multibrowser.parabankbrowser2"/>
  <system-out>
TestNG_ReportsAndLogs -> Registration  </system-out>
</testsuite> <!-- com.multibrowser.parabankbrowser2 -->
