<?xml version="1.0" encoding="UTF-8"?>
<!-- Generated by org.testng.reporters.JUnitReportReporter -->
<testsuite skipped="0" hostname="MAVBCP139" name="com.multibrowser.parallelbrowser" tests="1" failures="0" timestamp="2020-07-25T20:24:08 IST" time="4.490" errors="0">
  <testcase name="verifySearchButton" time="4.490" classname="com.multibrowser.parallelbrowser"/>
  <system-out/>
</testsuite> <!-- com.multibrowser.parallelbrowser -->
